[06-27 18:05:29] p167351 {/home/deba/Desktop/Top-K-Path/P4Runtime/StatisticsPuller.py:54} INFO - Stiatisticspuller thread for device: device:ss0 is being started
[06-27 18:05:29] p167351 {/home/deba/Desktop/Top-K-Path/P4Runtime/StatisticsPuller.py:56} INFO - Stiatisticspuller thread for device: device:ss0 has started
[06-27 18:05:29] p167351 {/home/deba/Desktop/Top-K-Path/P4Runtime/StatisticsPuller.py:54} INFO - Stiatisticspuller thread for device: device:p0s0 is being started
[06-27 18:05:29] p167351 {/home/deba/Desktop/Top-K-Path/P4Runtime/StatisticsPuller.py:56} INFO - Stiatisticspuller thread for device: device:p0s0 has started
[06-27 18:05:29] p167351 {/home/deba/Desktop/Top-K-Path/P4Runtime/StatisticsPuller.py:54} INFO - Stiatisticspuller thread for device: device:p0s1 is being started
[06-27 18:05:29] p167351 {/home/deba/Desktop/Top-K-Path/P4Runtime/StatisticsPuller.py:56} INFO - Stiatisticspuller thread for device: device:p0s1 has started
[06-27 18:05:29] p167351 {/home/deba/Desktop/Top-K-Path/P4Runtime/StatisticsPuller.py:54} INFO - Stiatisticspuller thread for device: device:p0s2 is being started
[06-27 18:05:29] p167351 {/home/deba/Desktop/Top-K-Path/P4Runtime/StatisticsPuller.py:56} INFO - Stiatisticspuller thread for device: device:p0s2 has started
[06-27 18:05:29] p167351 {/home/deba/Desktop/Top-K-Path/P4Runtime/StatisticsPuller.py:54} INFO - Stiatisticspuller thread for device: device:p0s3 is being started
[06-27 18:05:29] p167351 {/home/deba/Desktop/Top-K-Path/P4Runtime/StatisticsPuller.py:56} INFO - Stiatisticspuller thread for device: device:p0s3 has started
[06-27 18:05:29] p167351 {/home/deba/Desktop/Top-K-Path/P4Runtime/StatisticsPuller.py:54} INFO - Stiatisticspuller thread for device: device:p0l0 is being started
[06-27 18:05:29] p167351 {/home/deba/Desktop/Top-K-Path/P4Runtime/StatisticsPuller.py:56} INFO - Stiatisticspuller thread for device: device:p0l0 has started
[06-27 18:05:29] p167351 {/home/deba/Desktop/Top-K-Path/P4Runtime/StatisticsPuller.py:54} INFO - Stiatisticspuller thread for device: device:p0l1 is being started
[06-27 18:05:29] p167351 {/home/deba/Desktop/Top-K-Path/P4Runtime/StatisticsPuller.py:56} INFO - Stiatisticspuller thread for device: device:p0l1 has started
[06-27 18:05:29] p167351 {/home/deba/Desktop/Top-K-Path/P4Runtime/StatisticsPuller.py:54} INFO - Stiatisticspuller thread for device: device:p0l2 is being started
[06-27 18:05:29] p167351 {/home/deba/Desktop/Top-K-Path/P4Runtime/StatisticsPuller.py:56} INFO - Stiatisticspuller thread for device: device:p0l2 has started
[06-27 18:05:29] p167351 {/home/deba/Desktop/Top-K-Path/P4Runtime/StatisticsPuller.py:54} INFO - Stiatisticspuller thread for device: device:p0l3 is being started
[06-27 18:05:29] p167351 {/home/deba/Desktop/Top-K-Path/P4Runtime/StatisticsPuller.py:56} INFO - Stiatisticspuller thread for device: device:p0l3 has started
[06-27 18:17:06] p170740 {/home/deba/Desktop/Top-K-Path/P4Runtime/StatisticsPuller.py:54} INFO - Stiatisticspuller thread for device: device:ss0 is being started
[06-27 18:17:06] p170740 {/home/deba/Desktop/Top-K-Path/P4Runtime/StatisticsPuller.py:56} INFO - Stiatisticspuller thread for device: device:ss0 has started
[06-27 18:17:06] p170740 {/home/deba/Desktop/Top-K-Path/P4Runtime/StatisticsPuller.py:54} INFO - Stiatisticspuller thread for device: device:p0s0 is being started
[06-27 18:17:06] p170740 {/home/deba/Desktop/Top-K-Path/P4Runtime/StatisticsPuller.py:56} INFO - Stiatisticspuller thread for device: device:p0s0 has started
[06-27 18:17:06] p170740 {/home/deba/Desktop/Top-K-Path/P4Runtime/StatisticsPuller.py:54} INFO - Stiatisticspuller thread for device: device:p0s1 is being started
[06-27 18:17:06] p170740 {/home/deba/Desktop/Top-K-Path/P4Runtime/StatisticsPuller.py:56} INFO - Stiatisticspuller thread for device: device:p0s1 has started
[06-27 18:17:06] p170740 {/home/deba/Desktop/Top-K-Path/P4Runtime/StatisticsPuller.py:54} INFO - Stiatisticspuller thread for device: device:p0s2 is being started
[06-27 18:17:06] p170740 {/home/deba/Desktop/Top-K-Path/P4Runtime/StatisticsPuller.py:56} INFO - Stiatisticspuller thread for device: device:p0s2 has started
[06-27 18:17:06] p170740 {/home/deba/Desktop/Top-K-Path/P4Runtime/StatisticsPuller.py:54} INFO - Stiatisticspuller thread for device: device:p0s3 is being started
[06-27 18:17:06] p170740 {/home/deba/Desktop/Top-K-Path/P4Runtime/StatisticsPuller.py:56} INFO - Stiatisticspuller thread for device: device:p0s3 has started
[06-27 18:17:06] p170740 {/home/deba/Desktop/Top-K-Path/P4Runtime/StatisticsPuller.py:54} INFO - Stiatisticspuller thread for device: device:p0l0 is being started
[06-27 18:17:06] p170740 {/home/deba/Desktop/Top-K-Path/P4Runtime/StatisticsPuller.py:56} INFO - Stiatisticspuller thread for device: device:p0l0 has started
[06-27 18:17:06] p170740 {/home/deba/Desktop/Top-K-Path/P4Runtime/StatisticsPuller.py:54} INFO - Stiatisticspuller thread for device: device:p0l1 is being started
[06-27 18:17:06] p170740 {/home/deba/Desktop/Top-K-Path/P4Runtime/StatisticsPuller.py:56} INFO - Stiatisticspuller thread for device: device:p0l1 has started
[06-27 18:17:06] p170740 {/home/deba/Desktop/Top-K-Path/P4Runtime/StatisticsPuller.py:54} INFO - Stiatisticspuller thread for device: device:p0l2 is being started
[06-27 18:17:06] p170740 {/home/deba/Desktop/Top-K-Path/P4Runtime/StatisticsPuller.py:56} INFO - Stiatisticspuller thread for device: device:p0l2 has started
[06-27 18:17:06] p170740 {/home/deba/Desktop/Top-K-Path/P4Runtime/StatisticsPuller.py:54} INFO - Stiatisticspuller thread for device: device:p0l3 is being started
[06-27 18:17:06] p170740 {/home/deba/Desktop/Top-K-Path/P4Runtime/StatisticsPuller.py:56} INFO - Stiatisticspuller thread for device: device:p0l3 has started
